env: load .env
env: export EXPO_PUBLIC_SUPABASE_URL EXPO_PUBLIC_SUPABASE_ANON_KEY
Starting project at C:\FreshLookApp\FreshLookApp
Starting Metro Bundler
Waiting on http://localhost:8081
Logs for your project will appear below.
Web node_modules\expo-router\entry.js ▓▓▓▓░░░░░░░░░░░░ 25.0% ( 8/16)
λ node_modules\expo-router\node\render.js ▓▓░░░░░░░░░░░░░░ 15.7% ( 74/187)
Web node_modules\expo-router\entry.js ▓▓▓▓░░░░░░░░░░░░ 25.0% (112/278)
λ node_modules\expo-router\node\render.js ▓▓▓▓▓▓▓░░░░░░░░░ 49.0% (403/593)
Web node_modules\expo-router\entry.js ▓▓▓▓▓▓▓░░░░░░░░░ 48.3% (424/610)
λ node_modules\expo-router\node\render.js ▓▓▓▓▓▓▓▓▓▓░░░░░░ 65.5% (722/909)
Web node_modules\expo-router\entry.js ▓▓▓▓▓▓▓▓▓▓▓░░░░░ 74.3% (759/881)
λ node_modules\expo-router\node\render.js ▓▓▓▓▓▓▓▓▓▓▓▓░░░░ 80.6% ( 991/1104)
λ Bundled 17049ms node_modules\expo-router\node\render.js (1303 modules)
Web node_modules\expo-router\entry.js ▓▓▓▓▓▓▓▓▓▓▓▓▓▓▓░ 98.3% (1282/1293)
λ node_modules\expo-router\node\render.js ▓▓▓▓▓▓▓▓▓▓▓▓▓▓▓░ 96.0% (1277/1303)
Web Bundled 18673ms node_modules\expo-router\entry.js (1304 modules)
Web node_modules\expo-router\entry.js ▓▓▓▓▓▓▓▓▓▓▓░░░░░ 71.5% (800/946)
Web Bundled 4142ms node_modules\expo-router\entry.js (1306 modules)
 LOG  [web] Logs will appear in the browser console
Web node_modules\expo-router\entry.js ░░░░░░░░░░░░░░░░  0.0% (0/1)
λ Bundled 32ms node_modules\expo-router\node\render.js (1 module)
Web Bundled 409ms node_modules\expo-router\entry.js (1 module)
Web Bundled 39ms node_modules\expo-router\entry.js (1 module)
 LOG  [web] Logs will appear in the browser console
Web node_modules\expo-router\entry.js ░░░░░░░░░░░░░░░░  0.0% (0/1)
λ Bundled 30ms node_modules\expo-router\node\render.js (1 module)
λ Bundled 26ms node_modules\expo-router\node\render.js (1 module)
λ Bundled 21ms node_modules\expo-router\node\render.js (1 module)
λ Bundled 26ms node_modules\expo-router\node\render.js (1 module)
Web Bundled 1783ms node_modules\expo-router\entry.js (1 module)
Web Bundled 1295ms node_modules\expo-router\entry.js (1 module)
Web Bundled 1223ms node_modules\expo-router\entry.js (1 module)
Web Bundled 1157ms node_modules\expo-router\entry.js (1 module)
Web node_modules\expo-router\entry.js ░░░░░░░░░░░░░░░░  0.0% (0/1)
λ Bundled 28ms node_modules\expo-router\node\render.js (1 module)
λ Bundled 30ms node_modules\expo-router\node\render.js (1 module)
λ Bundled 18ms node_modules\expo-router\node\render.js (1 module)
λ Bundled 23ms node_modules\expo-router\node\render.js (1 module)
Web Bundled 1311ms node_modules\expo-router\entry.js (1 module)
Web Bundled 998ms node_modules\expo-router\entry.js (1 module)
Web Bundled 923ms node_modules\expo-router\entry.js (1 module)
Web Bundled 718ms node_modules\expo-router\entry.js (1 module)
λ Bundled 20ms node_modules\expo-router\node\render.js (1 module)
λ Bundled 18ms node_modules\expo-router\node\render.js (1 module)
λ Bundled 17ms node_modules\expo-router\node\render.js (1 module)
Web node_modules\expo-router\entry.js ░░░░░░░░░░░░░░░░  0.0% (0/1)
Web node_modules\expo-router\entry.js ░░░░░░░░░░░░░░░░  0.0% (0/1)
Web node_modules\expo-router\entry.js ░░░░░░░░░░░░░░░░  0.0% (0/1)
λ Bundled 18ms node_modules\expo-router\node\render.js (1 module)
Web Bundled 1315ms node_modules\expo-router\entry.js (1 module)
Web Bundled 1252ms node_modules\expo-router\entry.js (1 module)
Web Bundled 1190ms node_modules\expo-router\entry.js (1 module)
Web Bundled 910ms node_modules\expo-router\entry.js (1 module)
λ Bundled 19ms node_modules\expo-router\node\render.js (1 module)
λ Bundled 18ms node_modules\expo-router\node\render.js (1 module)
λ Bundled 18ms node_modules\expo-router\node\render.js (1 module)
λ Bundled 17ms node_modules\expo-router\node\render.js (1 module)
Web Bundled 1289ms node_modules\expo-router\entry.js (1 module)
Web Bundled 1227ms node_modules\expo-router\entry.js (1 module)
Web Bundled 1166ms node_modules\expo-router\entry.js (1 module)
Web Bundled 902ms node_modules\expo-router\entry.js (1 module)
Web node_modules\expo-router\entry.js ░░░░░░░░░░░░░░░░  0.0% (0/1)
Web Bundled 209ms node_modules\expo-router\entry.js (1 module)
λ Bundled 234ms node_modules\expo-router\node\render.js (1 module)
Web Bundled 47ms node_modules\expo-router\entry.js (1 module)
 LOG  [web] Logs will appear in the browser console
Web node_modules\expo-router\entry.js ░░░░░░░░░░░░░░░░  0.0% (0/1)
λ Bundled 28ms node_modules\expo-router\node\render.js (1 module)
Web Bundled 368ms node_modules\expo-router\entry.js (1 module)
Web Bundled 36ms node_modules\expo-router\entry.js (1 module)
 LOG  [web] Logs will appear in the browser console
Web node_modules\expo-router\entry.js ░░░░░░░░░░░░░░░░  0.0% (0/1)
λ Bundled 72ms node_modules\expo-router\node\render.js (1 module)
Web Bundled 598ms node_modules\expo-router\entry.js (1 module)
Web Bundled 49ms node_modules\expo-router\entry.js (1 module)
 LOG  [web] Logs will appear in the browser console
λ Bundled 27ms node_modules\expo-router\node\render.js (1 module)
Web Bundled 415ms node_modules\expo-router\entry.js (1 module)
Web Bundled 36ms node_modules\expo-router\entry.js (1 module)
 LOG  [web] Logs will appear in the browser console
Web node_modules\expo-router\entry.js ░░░░░░░░░░░░░░░░  0.0% (0/1)
λ Bundled 104ms node_modules\expo-router\node\render.js (1 module)
Web Bundled 1007ms node_modules\expo-router\entry.js (1 module)
Web Bundled 36ms node_modules\expo-router\entry.js (1 module)
 LOG  [web] Logs will appear in the browser console
Web node_modules\expo-router\entry.js ░░░░░░░░░░░░░░░░  0.0% (0/1)
λ Bundled 28ms node_modules\expo-router\node\render.js (1 module)
Web Bundled 368ms node_modules\expo-router\entry.js (1 module)
Web node_modules\expo-router\entry.js ░░░░░░░░░░░░░░░░  0.0% (0/1)
λ Bundled 30ms node_modules\expo-router\node\render.js (1 module)
λ Bundled 22ms node_modules\expo-router\node\render.js (1 module)
λ Bundled 23ms node_modules\expo-router\node\render.js (1 module)
λ Bundled 25ms node_modules\expo-router\node\render.js (1 module)
Web Bundled 1371ms node_modules\expo-router\entry.js (1 module)
Web Bundled 1051ms node_modules\expo-router\entry.js (1 module)
Web Bundled 987ms node_modules\expo-router\entry.js (1 module)
Web Bundled 953ms node_modules\expo-router\entry.js (1 module)
Web node_modules\expo-router\entry.js ░░░░░░░░░░░░░░░░  0.0% (0/1)
λ Bundled 28ms node_modules\expo-router\node\render.js (1 module)
λ Bundled 22ms node_modules\expo-router\node\render.js (1 module)
λ Bundled 25ms node_modules\expo-router\node\render.js (1 module)
λ Bundled 21ms node_modules\expo-router\node\render.js (1 module)
Web Bundled 1414ms node_modules\expo-router\entry.js (1 module)
Web Bundled 1343ms node_modules\expo-router\entry.js (1 module)
Web Bundled 1127ms node_modules\expo-router\entry.js (1 module)
Web Bundled 1054ms node_modules\expo-router\entry.js (1 module)
λ Bundled 24ms node_modules\expo-router\node\render.js (1 module)
λ Bundled 20ms node_modules\expo-router\node\render.js (1 module)
λ Bundled 25ms node_modules\expo-router\node\render.js (1 module)
Web Bundled 942ms node_modules\expo-router\entry.js (1 module)
Web Bundled 875ms node_modules\expo-router\entry.js (1 module)
Web Bundled 667ms node_modules\expo-router\entry.js (1 module)
λ Bundled 24ms node_modules\expo-router\node\render.js (1 module)
Web Bundled 317ms node_modules\expo-router\entry.js (1 module)
Web node_modules\expo-router\entry.js ░░░░░░░░░░░░░░░░  0.0% (0/1)
λ Bundled 31ms node_modules\expo-router\node\render.js (1 module)
λ Bundled 72ms node_modules\expo-router\node\render.js (1 module)
λ Bundled 23ms node_modules\expo-router\node\render.js (1 module)
λ Bundled 24ms node_modules\expo-router\node\render.js (1 module)
Web Bundled 1510ms node_modules\expo-router\entry.js (1 module)
Web Bundled 1148ms node_modules\expo-router\entry.js (1 module)
Web Bundled 1029ms node_modules\expo-router\entry.js (1 module)
Web Bundled 960ms node_modules\expo-router\entry.js (1 module)
Web node_modules\expo-router\entry.js ░░░░░░░░░░░░░░░░  0.0% (0/1)
λ Bundled 195ms node_modules\expo-router\node\render.js (1 module)
λ Bundled 237ms node_modules\expo-router\node\render.js (1 module)
λ Bundled 283ms node_modules\expo-router\node\render.js (1 module)
λ Bundled 329ms node_modules\expo-router\node\render.js (1 module)
λ Bundled 22ms node_modules\expo-router\node\render.js (1 module)
Web Bundled 2074ms node_modules\expo-router\entry.js (1 module)
Web Bundled 2076ms node_modules\expo-router\entry.js (1 module)
Web Bundled 2080ms node_modules\expo-router\entry.js (1 module)
Web Bundled 2085ms node_modules\expo-router\entry.js (1 module)
Web Bundled 479ms node_modules\expo-router\entry.js (1 module)
Web Bundled 34ms node_modules\expo-router\entry.js (1 module)
λ Bundled 23ms node_modules\expo-router\node\render.js (1 module)
Web Bundled 360ms node_modules\expo-router\entry.js (1 module)
 LOG  [web] Logs will appear in the browser console
Web node_modules\expo-router\entry.js ░░░░░░░░░░░░░░░░  0.0% (0/1)
λ Bundled 23ms node_modules\expo-router\node\render.js (1 module)
λ Bundled 26ms node_modules\expo-router\node\render.js (1 module)
λ Bundled 23ms node_modules\expo-router\node\render.js (1 module)
λ Bundled 20ms node_modules\expo-router\node\render.js (1 module)
Web Bundled 1405ms node_modules\expo-router\entry.js (1 module)
Web Bundled 1205ms node_modules\expo-router\entry.js (1 module)
Web Bundled 1135ms node_modules\expo-router\entry.js (1 module)
Web Bundled 824ms node_modules\expo-router\entry.js (1 module)
Web node_modules\expo-router\entry.js ░░░░░░░░░░░░░░░░  0.0% (0/1)
λ Bundled 25ms node_modules\expo-router\node\render.js (1 module)
λ Bundled 19ms node_modules\expo-router\node\render.js (1 module)
λ Bundled 19ms node_modules\expo-router\node\render.js (1 module)
λ Bundled 18ms node_modules\expo-router\node\render.js (1 module)
Web Bundled 1334ms node_modules\expo-router\entry.js (1 module)
Web Bundled 1182ms node_modules\expo-router\entry.js (1 module)
Web Bundled 898ms node_modules\expo-router\entry.js (1 module)
Web Bundled 836ms node_modules\expo-router\entry.js (1 module)
Web node_modules\expo-router\entry.js ░░░░░░░░░░░░░░░░  0.0% (0/1)
λ Bundled 30ms node_modules\expo-router\node\render.js (1 module)
λ Bundled 23ms node_modules\expo-router\node\render.js (1 module)
λ Bundled 24ms node_modules\expo-router\node\render.js (1 module)
λ Bundled 30ms node_modules\expo-router\node\render.js (1 module)
Web Bundled 1493ms node_modules\expo-router\entry.js (1 module)
Web Bundled 1419ms node_modules\expo-router\entry.js (1 module)
Web Bundled 1351ms node_modules\expo-router\entry.js (1 module)
Web Bundled 1044ms node_modules\expo-router\entry.js (1 module)
Web node_modules\expo-router\entry.js ░░░░░░░░░░░░░░░░  0.0% (0/1)
λ Bundled 43ms node_modules\expo-router\node\render.js (1 module)
λ Bundled 29ms node_modules\expo-router\node\render.js (1 module)
λ Bundled 25ms node_modules\expo-router\node\render.js (1 module)
λ Bundled 27ms node_modules\expo-router\node\render.js (1 module)
Web Bundled 2113ms node_modules\expo-router\entry.js (1 module)
Web Bundled 2030ms node_modules\expo-router\entry.js (1 module)
Web Bundled 1959ms node_modules\expo-router\entry.js (1 module)
Web Bundled 1892ms node_modules\expo-router\entry.js (1 module)
Web node_modules\expo-router\entry.js ░░░░░░░░░░░░░░░░  0.0% (0/1)
λ Bundled 44ms node_modules\expo-router\node\render.js (1 module)
λ Bundled 52ms node_modules\expo-router\node\render.js (1 module)
λ Bundled 43ms node_modules\expo-router\node\render.js (1 module)
λ Bundled 32ms node_modules\expo-router\node\render.js (1 module)
Web Bundled 2054ms node_modules\expo-router\entry.js (1 module)
Web Bundled 2171ms node_modules\expo-router\entry.js (1 module)
Web Bundled 1968ms node_modules\expo-router\entry.js (1 module)
Web Bundled 1709ms node_modules\expo-router\entry.js (1 module)
Web node_modules\expo-router\entry.js ░░░░░░░░░░░░░░░░  0.0% (0/1)
λ Bundled 29ms node_modules\expo-router\node\render.js (1 module)
λ Bundled 26ms node_modules\expo-router\node\render.js (1 module)
λ Bundled 25ms node_modules\expo-router\node\render.js (1 module)
λ Bundled 22ms node_modules\expo-router\node\render.js (1 module)
Web Bundled 1565ms node_modules\expo-router\entry.js (1 module)
Web Bundled 1402ms node_modules\expo-router\entry.js (1 module)
Web Bundled 1331ms node_modules\expo-router\entry.js (1 module)
Web Bundled 1262ms node_modules\expo-router\entry.js (1 module)
Web node_modules\expo-router\entry.js ░░░░░░░░░░░░░░░░  0.0% (0/1)
λ Bundled 98ms node_modules\expo-router\node\render.js (1 module)
λ Bundled 27ms node_modules\expo-router\node\render.js (1 module)
λ Bundled 23ms node_modules\expo-router\node\render.js (1 module)
λ Bundled 26ms node_modules\expo-router\node\render.js (1 module)
Web Bundled 3494ms node_modules\expo-router\entry.js (1 module)
Web node_modules\expo-router\entry.js ░░░░░░░░░░░░░░░░  0.0% (0/1)
Web node_modules\expo-router\entry.js ░░░░░░░░░░░░░░░░  0.0% (0/1)
Web node_modules\expo-router\entry.js ░░░░░░░░░░░░░░░░  0.0% (0/1)
Web node_modules\expo-router\entry.js ░░░░░░░░░░░░░░░░  0.0% (0/1)
Web Bundled 3352ms node_modules\expo-router\entry.js (1 module)
Web Bundled 3276ms node_modules\expo-router\entry.js (1 module)
Web Bundled 3207ms node_modules\expo-router\entry.js (1 module)
Web node_modules\expo-router\entry.js ░░░░░░░░░░░░░░░░  0.0% (0/1)
λ Bundled 40ms node_modules\expo-router\node\render.js (1 module)
λ Bundled 29ms node_modules\expo-router\node\render.js (1 module)
λ Bundled 28ms node_modules\expo-router\node\render.js (1 module)
Web Bundled 1807ms node_modules\expo-router\entry.js (1 module)
Web Bundled 1926ms node_modules\expo-router\entry.js (1 module)
Web Bundled 1661ms node_modules\expo-router\entry.js (1 module)
Web node_modules\expo-router\entry.js ░░░░░░░░░░░░░░░░  0.0% (0/1)
λ Bundled 156ms node_modules\expo-router\node\render.js (1 module)
Web Bundled 1132ms node_modules\expo-router\entry.js (1 module)
Web Bundled 40ms node_modules\expo-router\entry.js (1 module)
 LOG  [web] Logs will appear in the browser console
Web node_modules\expo-router\entry.js ░░░░░░░░░░░░░░░░  0.0% (0/1)
λ Bundled 3310ms node_modules\expo-router\node\render.js (1 module)
Web node_modules\expo-router\entry.js ░░░░░░░░░░░░░░░░  0.0% (0/1)
Web Bundled 3741ms node_modules\expo-router\entry.js (1 module)
Web Bundled 28ms node_modules\expo-router\entry.js (1 module)
 LOG  [web] Logs will appear in the browser console
Web node_modules\expo-router\entry.js ░░░░░░░░░░░░░░░░  0.0% (0/1)
λ Bundled 196ms node_modules\expo-router\node\render.js (1 module)
Web Bundled 670ms node_modules\expo-router\entry.js (1 module)
Web Bundled 37ms node_modules\expo-router\entry.js (1 module)
 LOG  [web] Logs will appear in the browser console
Web node_modules\expo-router\entry.js ░░░░░░░░░░░░░░░░  0.0% (0/1)
λ Bundled 177ms node_modules\expo-router\node\render.js (1 module)
λ Bundled 228ms node_modules\expo-router\node\render.js (1 module)
λ Bundled 275ms node_modules\expo-router\node\render.js (1 module)
Web Bundled 1084ms node_modules\expo-router\entry.js (1 module)
Web Bundled 1088ms node_modules\expo-router\entry.js (1 module)
Web Bundled 1091ms node_modules\expo-router\entry.js (1 module)
λ Bundled 95ms node_modules\expo-router\node\render.js (1 module)
λ Bundled 142ms node_modules\expo-router\node\render.js (1 module)
λ Bundled 189ms node_modules\expo-router\node\render.js (1 module)
Web node_modules\expo-router\entry.js ░░░░░░░░░░░░░░░░  0.0% (0/1)
Web node_modules\expo-router\entry.js ░░░░░░░░░░░░░░░░  0.0% (0/1)
Web node_modules\expo-router\entry.js ░░░░░░░░░░░░░░░░  0.0% (0/1)
Web Bundled 1012ms node_modules\expo-router\entry.js (1 module)
Web Bundled 1017ms node_modules\expo-router\entry.js (1 module)
Web Bundled 1022ms node_modules\expo-router\entry.js (1 module)
Web node_modules\expo-router\entry.js ░░░░░░░░░░░░░░░░  0.0% (0/1)
λ Bundled 77ms node_modules\expo-router\node\render.js (1 module)
λ Bundled 123ms node_modules\expo-router\node\render.js (1 module)
λ Bundled 171ms node_modules\expo-router\node\render.js (1 module)
Web Bundled 958ms node_modules\expo-router\entry.js (1 module)
Web Bundled 962ms node_modules\expo-router\entry.js (1 module)
Web Bundled 968ms node_modules\expo-router\entry.js (1 module)
Web node_modules\expo-router\entry.js ░░░░░░░░░░░░░░░░  0.0% (0/1)
λ Bundled 17ms node_modules\expo-router\node\render.js (1 module)
Web Bundled 284ms node_modules\expo-router\entry.js (1 module)
Web Bundled 28ms node_modules\expo-router\entry.js (1 module)
 LOG  [web] Logs will appear in the browser console
λ Bundled 19ms node_modules\expo-router\node\render.js (1 module)
λ Bundled 14ms node_modules\expo-router\node\render.js (1 module)
λ Bundled 14ms node_modules\expo-router\node\render.js (1 module)
Web Bundled 819ms node_modules\expo-router\entry.js (1 module)
Web Bundled 685ms node_modules\expo-router\entry.js (1 module)
Web Bundled 439ms node_modules\expo-router\entry.js (1 module)
Web node_modules\expo-router\entry.js ░░░░░░░░░░░░░░░░  0.0% (0/1)
λ Bundled 19ms node_modules\expo-router\node\render.js (1 module)
λ Bundled 14ms node_modules\expo-router\node\render.js (1 module)
λ Bundled 15ms node_modules\expo-router\node\render.js (1 module)
Web Bundled 796ms node_modules\expo-router\entry.js (1 module)
Web Bundled 733ms node_modules\expo-router\entry.js (1 module)
Web Bundled 552ms node_modules\expo-router\entry.js (1 module)
Web node_modules\expo-router\entry.js ░░░░░░░░░░░░░░░░  0.0% (0/1)
λ Bundled 80ms node_modules\expo-router\node\render.js (1 module)
λ Bundled 127ms node_modules\expo-router\node\render.js (1 module)
λ Bundled 176ms node_modules\expo-router\node\render.js (1 module)
Web Bundled 1059ms node_modules\expo-router\entry.js (1 module)
Web Bundled 1064ms node_modules\expo-router\entry.js (1 module)
Web Bundled 1069ms node_modules\expo-router\entry.js (1 module)
Web node_modules\expo-router\entry.js ░░░░░░░░░░░░░░░░  0.0% (0/1)
λ Bundled 83ms node_modules\expo-router\node\render.js (1 module)
λ Bundled 129ms node_modules\expo-router\node\render.js (1 module)
λ Bundled 174ms node_modules\expo-router\node\render.js (1 module)
Web Bundled 997ms node_modules\expo-router\entry.js (1 module)
Web Bundled 997ms node_modules\expo-router\entry.js (1 module)
Web Bundled 1008ms node_modules\expo-router\entry.js (1 module)
Web node_modules\expo-router\entry.js ░░░░░░░░░░░░░░░░  0.0% (0/1)
λ Bundled 151ms node_modules\expo-router\node\render.js (1 module)
λ Bundled 198ms node_modules\expo-router\node\render.js (1 module)
λ Bundled 245ms node_modules\expo-router\node\render.js (1 module)
Web Bundled 1155ms node_modules\expo-router\entry.js (1 module)
Web Bundled 1159ms node_modules\expo-router\entry.js (1 module)
Web Bundled 1165ms node_modules\expo-router\entry.js (1 module)
Web node_modules\expo-router\entry.js ░░░░░░░░░░░░░░░░  0.0% (0/1)
λ Bundled 117ms node_modules\expo-router\node\render.js (1 module)
λ Bundled 162ms node_modules\expo-router\node\render.js (1 module)
λ Bundled 208ms node_modules\expo-router\node\render.js (1 module)
Web Bundled 1312ms node_modules\expo-router\entry.js (1 module)
Web Bundled 1317ms node_modules\expo-router\entry.js (1 module)
Web Bundled 1323ms node_modules\expo-router\entry.js (1 module)
Web node_modules\expo-router\entry.js ░░░░░░░░░░░░░░░░  0.0% (0/1)
λ Bundled 218ms node_modules\expo-router\node\render.js (1 module)
λ Bundled 275ms node_modules\expo-router\node\render.js (1 module)
λ Bundled 321ms node_modules\expo-router\node\render.js (1 module)
Web node_modules\expo-router\entry.js ░░░░░░░░░░░░░░░░  0.0% (0/1)
Web node_modules\expo-router\entry.js ░░░░░░░░░░░░░░░░  0.0% (0/1)
Web node_modules\expo-router\entry.js ░░░░░░░░░░░░░░░░  0.0% (0/1)
Web Bundled 4522ms node_modules\expo-router\entry.js (1 module)
Web node_modules\expo-router\entry.js ░░░░░░░░░░░░░░░░  0.0% (0/1)
Web node_modules\expo-router\entry.js ░░░░░░░░░░░░░░░░  0.0% (0/1)
Web node_modules\expo-router\entry.js ░░░░░░░░░░░░░░░░  0.0% (0/1)
Web Bundled 4527ms node_modules\expo-router\entry.js (1 module)
Web Bundled 4547ms node_modules\expo-router\entry.js (1 module)
λ Bundled 180ms node_modules\expo-router\node\render.js (1 module)
λ Bundled 225ms node_modules\expo-router\node\render.js (1 module)
λ Bundled 271ms node_modules\expo-router\node\render.js (1 module)
Web Bundled 2146ms node_modules\expo-router\entry.js (1 module)
Web Bundled 2153ms node_modules\expo-router\entry.js (1 module)
Web Bundled 2168ms node_modules\expo-router\entry.js (1 module)
Web node_modules\expo-router\entry.js ░░░░░░░░░░░░░░░░  0.0% (0/1)
λ Bundled 131ms node_modules\expo-router\node\render.js (1 module)
λ Bundled 176ms node_modules\expo-router\node\render.js (1 module)
λ Bundled 222ms node_modules\expo-router\node\render.js (1 module)
Web Bundled 1305ms node_modules\expo-router\entry.js (1 module)
Web Bundled 1308ms node_modules\expo-router\entry.js (1 module)
Web Bundled 1312ms node_modules\expo-router\entry.js (1 module)
Web node_modules\expo-router\entry.js ░░░░░░░░░░░░░░░░  0.0% (0/1)
λ Bundled 74ms node_modules\expo-router\node\render.js (1 module)
λ Bundled 119ms node_modules\expo-router\node\render.js (1 module)
λ Bundled 165ms node_modules\expo-router\node\render.js (1 module)
Web Bundled 1375ms node_modules\expo-router\entry.js (1 module)
Web Bundled 1382ms node_modules\expo-router\entry.js (1 module)
Web Bundled 1387ms node_modules\expo-router\entry.js (1 module)
 ERROR  SyntaxError: C:\FreshLookApp\FreshLookApp\app\(tabs)\index.tsx: Unexpected token, expected "}" (369:11)

  367 |
  368 | const styles = StyleSheet.create({
> 369 |   container: {
      |            ^
  370 |     flex: 1,
  371 |     padding: Spacing.lg,
  372 |   },
    at constructor (C:\FreshLookApp\FreshLookApp\node_modules\@babel\parser\lib\index.js:367:19)
    at TypeScriptParserMixin.raise (C:\FreshLookApp\FreshLookApp\node_modules\@babel\parser\lib\index.js:6624:19)
    at TypeScriptParserMixin.unexpected (C:\FreshLookApp\FreshLookApp\node_modules\@babel\parser\lib\index.js:6644:16)
    at TypeScriptParserMixin.expect (C:\FreshLookApp\FreshLookApp\node_modules\@babel\parser\lib\index.js:6924:12)
    at TypeScriptParserMixin.jsxParseExpressionContainer (C:\FreshLookApp\FreshLookApp\node_modules\@babel\parser\lib\index.js:4666:10)
    at TypeScriptParserMixin.jsxParseElementAt (C:\FreshLookApp\FreshLookApp\node_modules\@babel\parser\lib\index.js:4740:36)
    at TypeScriptParserMixin.jsxParseElementAt (C:\FreshLookApp\FreshLookApp\node_modules\@babel\parser\lib\index.js:4727:32)
    at TypeScriptParserMixin.jsxParseElement (C:\FreshLookApp\FreshLookApp\node_modules\@babel\parser\lib\index.js:4778:17)
    at TypeScriptParserMixin.parseExprAtom (C:\FreshLookApp\FreshLookApp\node_modules\@babel\parser\lib\index.js:4788:19)
    at TypeScriptParserMixin.parseExprSubscripts (C:\FreshLookApp\FreshLookApp\node_modules\@babel\parser\lib\index.js:11145:23)
    at TypeScriptParserMixin.parseUpdate (C:\FreshLookApp\FreshLookApp\node_modules\@babel\parser\lib\index.js:11130:21)
    at TypeScriptParserMixin.parseMaybeUnary (C:\FreshLookApp\FreshLookApp\node_modules\@babel\parser\lib\index.js:11110:23)
    at TypeScriptParserMixin.parseMaybeUnary (C:\FreshLookApp\FreshLookApp\node_modules\@babel\parser\lib\index.js:9890:18)
    at TypeScriptParserMixin.parseMaybeUnaryOrPrivate (C:\FreshLookApp\FreshLookApp\node_modules\@babel\parser\lib\index.js:10963:61)
    at TypeScriptParserMixin.parseExprOps (C:\FreshLookApp\FreshLookApp\node_modules\@babel\parser\lib\index.js:10968:23)
    at TypeScriptParserMixin.parseMaybeConditional (C:\FreshLookApp\FreshLookApp\node_modules\@babel\parser\lib\index.js:10945:23)
    at TypeScriptParserMixin.parseMaybeAssign (C:\FreshLookApp\FreshLookApp\node_modules\@babel\parser\lib\index.js:10895:21)
    at C:\FreshLookApp\FreshLookApp\node_modules\@babel\parser\lib\index.js:9828:39
    at TypeScriptParserMixin.tryParse (C:\FreshLookApp\FreshLookApp\node_modules\@babel\parser\lib\index.js:6932:20)
    at TypeScriptParserMixin.parseMaybeAssign (C:\FreshLookApp\FreshLookApp\node_modules\@babel\parser\lib\index.js:9828:18)
    at C:\FreshLookApp\FreshLookApp\node_modules\@babel\parser\lib\index.js:10864:39
    at TypeScriptParserMixin.allowInAnd (C:\FreshLookApp\FreshLookApp\node_modules\@babel\parser\lib\index.js:12500:12)
    at TypeScriptParserMixin.parseMaybeAssignAllowIn (C:\FreshLookApp\FreshLookApp\node_modules\@babel\parser\lib\index.js:10864:17)
    at TypeScriptParserMixin.parseMaybeAssignAllowInOrVoidPattern (C:\FreshLookApp\FreshLookApp\node_modules\@babel\parser\lib\index.js:12567:17)
    at TypeScriptParserMixin.parseParenAndDistinguishExpression (C:\FreshLookApp\FreshLookApp\node_modules\@babel\parser\lib\index.js:11747:28)
    at TypeScriptParserMixin.parseExprAtom (C:\FreshLookApp\FreshLookApp\node_modules\@babel\parser\lib\index.js:11395:23)
    at TypeScriptParserMixin.parseExprAtom (C:\FreshLookApp\FreshLookApp\node_modules\@babel\parser\lib\index.js:4793:20)
    at TypeScriptParserMixin.parseExprSubscripts (C:\FreshLookApp\FreshLookApp\node_modules\@babel\parser\lib\index.js:11145:23)
    at TypeScriptParserMixin.parseUpdate (C:\FreshLookApp\FreshLookApp\node_modules\@babel\parser\lib\index.js:11130:21)
    at TypeScriptParserMixin.parseMaybeUnary (C:\FreshLookApp\FreshLookApp\node_modules\@babel\parser\lib\index.js:11110:23)
    at TypeScriptParserMixin.parseMaybeUnary (C:\FreshLookApp\FreshLookApp\node_modules\@babel\parser\lib\index.js:9890:18)
    at TypeScriptParserMixin.parseMaybeUnaryOrPrivate (C:\FreshLookApp\FreshLookApp\node_modules\@babel\parser\lib\index.js:10963:61)
    at TypeScriptParserMixin.parseExprOps (C:\FreshLookApp\FreshLookApp\node_modules\@babel\parser\lib\index.js:10968:23)
    at TypeScriptParserMixin.parseMaybeConditional (C:\FreshLookApp\FreshLookApp\node_modules\@babel\parser\lib\index.js:10945:23)
    at TypeScriptParserMixin.parseMaybeAssign (C:\FreshLookApp\FreshLookApp\node_modules\@babel\parser\lib\index.js:10895:21)
    at TypeScriptParserMixin.parseMaybeAssign (C:\FreshLookApp\FreshLookApp\node_modules\@babel\parser\lib\index.js:9839:20)
    at TypeScriptParserMixin.parseExpressionBase (C:\FreshLookApp\FreshLookApp\node_modules\@babel\parser\lib\index.js:10848:23)
    at C:\FreshLookApp\FreshLookApp\node_modules\@babel\parser\lib\index.js:10844:39
    at TypeScriptParserMixin.allowInAnd (C:\FreshLookApp\FreshLookApp\node_modules\@babel\parser\lib\index.js:12495:16)
    at TypeScriptParserMixin.parseExpression (C:\FreshLookApp\FreshLookApp\node_modules\@babel\parser\lib\index.js:10844:17)
    at TypeScriptParserMixin.parseReturnStatement (C:\FreshLookApp\FreshLookApp\node_modules\@babel\parser\lib\index.js:13218:28)
    at TypeScriptParserMixin.parseStatementContent (C:\FreshLookApp\FreshLookApp\node_modules\@babel\parser\lib\index.js:12874:21)
    at TypeScriptParserMixin.parseStatementContent (C:\FreshLookApp\FreshLookApp\node_modules\@babel\parser\lib\index.js:9569:18)
    at TypeScriptParserMixin.parseStatementLike (C:\FreshLookApp\FreshLookApp\node_modules\@babel\parser\lib\index.js:12843:17)
    at TypeScriptParserMixin.parseStatementListItem (C:\FreshLookApp\FreshLookApp\node_modules\@babel\parser\lib\index.js:12823:17)
    at TypeScriptParserMixin.parseBlockOrModuleBlockBody (C:\FreshLookApp\FreshLookApp\node_modules\@babel\parser\lib\index.js:13392:61)
    at TypeScriptParserMixin.parseBlockBody (C:\FreshLookApp\FreshLookApp\node_modules\@babel\parser\lib\index.js:13385:10)
    at TypeScriptParserMixin.parseBlock (C:\FreshLookApp\FreshLookApp\node_modules\@babel\parser\lib\index.js:13373:10)
    at TypeScriptParserMixin.parseFunctionBody (C:\FreshLookApp\FreshLookApp\node_modules\@babel\parser\lib\index.js:12174:24)
    at TypeScriptParserMixin.parseFunctionBodyAndFinish (C:\FreshLookApp\FreshLookApp\node_modules\@babel\parser\lib\index.js:12160:10)
Web node_modules\expo-router\entry.js ░░░░░░░░░░░░░░░░  0.0% (0/1)
λ Bundled 136ms node_modules\expo-router\node\render.js (1 module)
λ Bundled 182ms node_modules\expo-router\node\render.js (1 module)
λ Bundled 229ms node_modules\expo-router\node\render.js (1 module)
Web Bundled 1436ms node_modules\expo-router\entry.js (1 module)
Web Bundled 1440ms node_modules\expo-router\entry.js (1 module)
Web Bundled 1445ms node_modules\expo-router\entry.js (1 module)
λ Bundled 175ms node_modules\expo-router\node\render.js (1 module)
λ Bundled 220ms node_modules\expo-router\node\render.js (1 module)
λ Bundled 267ms node_modules\expo-router\node\render.js (1 module)
Web Bundled 1323ms node_modules\expo-router\entry.js (1 module)
Web Bundled 1327ms node_modules\expo-router\entry.js (1 module)
Web Bundled 1331ms node_modules\expo-router\entry.js (1 module)
Web node_modules\expo-router\entry.js ░░░░░░░░░░░░░░░░  0.0% (0/1)
λ Bundled 125ms node_modules\expo-router\node\render.js (1 module)
λ Bundled 168ms node_modules\expo-router\node\render.js (1 module)
λ Bundled 216ms node_modules\expo-router\node\render.js (1 module)
Web Bundled 1239ms node_modules\expo-router\entry.js (1 module)
Web Bundled 1241ms node_modules\expo-router\entry.js (1 module)
Web Bundled 1246ms node_modules\expo-router\entry.js (1 module)
Web node_modules\expo-router\entry.js ░░░░░░░░░░░░░░░░  0.0% (0/1)
λ Bundled 114ms node_modules\expo-router\node\render.js (1 module)
λ Bundled 160ms node_modules\expo-router\node\render.js (1 module)
λ Bundled 206ms node_modules\expo-router\node\render.js (1 module)
Web Bundled 1277ms node_modules\expo-router\entry.js (1 module)
Web Bundled 1283ms node_modules\expo-router\entry.js (1 module)
Web Bundled 1289ms node_modules\expo-router\entry.js (1 module)
Web node_modules\expo-router\entry.js ░░░░░░░░░░░░░░░░  0.0% (0/1)
λ Bundled 126ms node_modules\expo-router\node\render.js (1 module)
λ Bundled 171ms node_modules\expo-router\node\render.js (1 module)
λ Bundled 218ms node_modules\expo-router\node\render.js (1 module)
Web Bundled 1100ms node_modules\expo-router\entry.js (1 module)
Web Bundled 1104ms node_modules\expo-router\entry.js (1 module)
Web Bundled 1110ms node_modules\expo-router\entry.js (1 module)
Web node_modules\expo-router\entry.js ░░░░░░░░░░░░░░░░  0.0% (0/1)
λ Bundled 163ms node_modules\expo-router\node\render.js (1 module)
λ Bundled 207ms node_modules\expo-router\node\render.js (1 module)
λ Bundled 253ms node_modules\expo-router\node\render.js (1 module)
Web Bundled 1282ms node_modules\expo-router\entry.js (1 module)
Web Bundled 1288ms node_modules\expo-router\entry.js (1 module)
Web Bundled 1296ms node_modules\expo-router\entry.js (1 module)
λ Bundled 110ms node_modules\expo-router\node\render.js (1 module)
λ Bundled 156ms node_modules\expo-router\node\render.js (1 module)
λ Bundled 203ms node_modules\expo-router\node\render.js (1 module)
Web Bundled 1360ms node_modules\expo-router\entry.js (1 module)
Web Bundled 1365ms node_modules\expo-router\entry.js (1 module)
Web Bundled 1372ms node_modules\expo-router\entry.js (1 module)
Web node_modules\expo-router\entry.js ░░░░░░░░░░░░░░░░  0.0% (0/1)
λ Bundled 121ms node_modules\expo-router\node\render.js (1 module)
λ Bundled 154ms node_modules\expo-router\node\render.js (1 module)
λ Bundled 203ms node_modules\expo-router\node\render.js (1 module)
Web node_modules\expo-router\entry.js ░░░░░░░░░░░░░░░░  0.0% (0/1)
Web node_modules\expo-router\entry.js ░░░░░░░░░░░░░░░░  0.0% (0/1)
Web node_modules\expo-router\entry.js ░░░░░░░░░░░░░░░░  0.0% (0/1)
Web Bundled 5883ms node_modules\expo-router\entry.js (1 module)
Web node_modules\expo-router\entry.js ░░░░░░░░░░░░░░░░  0.0% (0/1)
Web node_modules\expo-router\entry.js ░░░░░░░░░░░░░░░░  0.0% (0/1)
Web node_modules\expo-router\entry.js ░░░░░░░░░░░░░░░░  0.0% (0/1)
Web Bundled 5877ms node_modules\expo-router\entry.js (1 module)
Web Bundled 5884ms node_modules\expo-router\entry.js (1 module)
Web node_modules\expo-router\entry.js ░░░░░░░░░░░░░░░░  0.0% (0/1)
λ Bundled 48ms node_modules\expo-router\node\render.js (1 module)
λ Bundled 42ms node_modules\expo-router\node\render.js (1 module)
λ Bundled 33ms node_modules\expo-router\node\render.js (1 module)
Web Bundled 1501ms node_modules\expo-router\entry.js (1 module)
Web Bundled 1362ms node_modules\expo-router\entry.js (1 module)
Web Bundled 1128ms node_modules\expo-router\entry.js (1 module)
Web node_modules\expo-router\entry.js ░░░░░░░░░░░░░░░░  0.0% (0/1)
λ Bundled 247ms node_modules\expo-router\node\render.js (1 module)
λ Bundled 294ms node_modules\expo-router\node\render.js (1 module)
λ Bundled 342ms node_modules\expo-router\node\render.js (1 module)
Web Bundled 1399ms node_modules\expo-router\entry.js (1 module)
Web Bundled 1410ms node_modules\expo-router\entry.js (1 module)
Web Bundled 1417ms node_modules\expo-router\entry.js (1 module)
λ Bundled 25ms node_modules\expo-router\node\render.js (1 module)
λ Bundled 28ms node_modules\expo-router\node\render.js (1 module)
λ Bundled 19ms node_modules\expo-router\node\render.js (1 module)
Web Bundled 1221ms node_modules\expo-router\entry.js (1 module)
Web Bundled 1150ms node_modules\expo-router\entry.js (1 module)
Web Bundled 902ms node_modules\expo-router\entry.js (1 module)
Web node_modules\expo-router\entry.js ░░░░░░░░░░░░░░░░  0.0% (0/1)
λ Bundled 22ms node_modules\expo-router\node\render.js (1 module)
λ Bundled 17ms node_modules\expo-router\node\render.js (1 module)
λ Bundled 18ms node_modules\expo-router\node\render.js (1 module)
Web Bundled 876ms node_modules\expo-router\entry.js (1 module)
Web Bundled 809ms node_modules\expo-router\entry.js (1 module)
Web Bundled 616ms node_modules\expo-router\entry.js (1 module)
